\BOOKMARK [1][-]{section.1}{An\341lisis de datos.}{}% 1
\BOOKMARK [2][-]{subsection.1.1}{estuconsecutivo}{section.1}% 2
\BOOKMARK [2][-]{subsection.1.2}{estu\137cod\137aplicacion}{section.1}% 3
\BOOKMARK [2][-]{subsection.1.3}{estu\137genero}{section.1}% 4
\BOOKMARK [2][-]{subsection.1.4}{estu\137estado\137civil}{section.1}% 5
\BOOKMARK [2][-]{subsection.1.5}{inst\137caracter\137academico}{section.1}% 6
\BOOKMARK [2][-]{subsection.1.6}{estu\137metodo\137prgm}{section.1}% 7
\BOOKMARK [2][-]{subsection.1.7}{estu\137area\137conoc}{section.1}% 8
\BOOKMARK [2][-]{subsection.1.8}{estu\137cod\137grupo\137ref}{section.1}% 9
\BOOKMARK [2][-]{subsection.1.9}{estu\137semestre\137cursa}{section.1}% 10
\BOOKMARK [2][-]{subsection.1.10}{inst\137vlr\137matricula\137ant}{section.1}% 11
\BOOKMARK [2][-]{subsection.1.11}{estu\137titulo\137bto}{section.1}% 12
\BOOKMARK [2][-]{subsection.1.12}{estu\137sn\137cabeza\137fmlia}{section.1}% 13
\BOOKMARK [2][-]{subsection.1.13}{fami\137cod\137ocup\137padre}{section.1}% 14
\BOOKMARK [2][-]{subsection.1.14}{fami\137cod\137ocup\137madre}{section.1}% 15
\BOOKMARK [2][-]{subsection.1.15}{estu\137estrato}{section.1}% 16
\BOOKMARK [2][-]{subsection.1.16}{fami\137nivel\137sisben}{section.1}% 17
\BOOKMARK [2][-]{subsection.1.17}{econ\137material\137pisos}{section.1}% 18
\BOOKMARK [2][-]{subsection.1.18}{econ\137sn\137internet}{section.1}% 19
\BOOKMARK [2][-]{subsection.1.19}{econ\137sn\137servicio\137tv}{section.1}% 20
\BOOKMARK [2][-]{subsection.1.20}{econ\137sn\137computador}{section.1}% 21
\BOOKMARK [2][-]{subsection.1.21}{econ\137sn\137automovil}{section.1}% 22
\BOOKMARK [2][-]{subsection.1.22}{fami\137ing\137fmliar\137mensual}{section.1}% 23
\BOOKMARK [2][-]{subsection.1.23}{estu\137trabaja}{section.1}% 24
\BOOKMARK [2][-]{subsection.1.24}{estu\137horas\137trabajo}{section.1}% 25
\BOOKMARK [2][-]{subsection.1.25}{mod\137lectura\137critica}{section.1}% 26
\BOOKMARK [2][-]{subsection.1.26}{mod\137comunica\137escrita\137punt}{section.1}% 27
\BOOKMARK [2][-]{subsection.1.27}{mod\137comunica\137escrita\137desem}{section.1}% 28
\BOOKMARK [2][-]{subsection.1.28}{mod\137razona\137cuantitativo\137punt}{section.1}% 29
\BOOKMARK [2][-]{subsection.1.29}{mod\137ingles\137punt}{section.1}% 30
\BOOKMARK [2][-]{subsection.1.30}{mod\137ingles\137desem}{section.1}% 31
\BOOKMARK [2][-]{subsection.1.31}{estu\137edad}{section.1}% 32
\BOOKMARK [2][-]{subsection.1.32}{estu\137discapacidad}{section.1}% 33
\BOOKMARK [2][-]{subsection.1.33}{estu\137programa\137codzona}{section.1}% 34
\BOOKMARK [2][-]{subsection.1.34}{dipo\137cod\137municipio}{section.1}% 35
\BOOKMARK [2][-]{subsection.1.35}{estu\137programa\137zona}{section.1}% 36
\BOOKMARK [2][-]{subsection.1.36}{estu\137reside\137coddpto}{section.1}% 37
\BOOKMARK [2][-]{subsection.1.37}{estu\137reside\137dpto}{section.1}% 38
\BOOKMARK [2][-]{subsection.1.38}{estu\137vive\137flia}{section.1}% 39
\BOOKMARK [2][-]{subsection.1.39}{fami\137num\137pers\137grup\137fam}{section.1}% 40
\BOOKMARK [2][-]{subsection.1.40}{estu\137pers\137cargo}{section.1}% 41
\BOOKMARK [2][-]{subsection.1.41}{inst\137tipo}{section.1}% 42
\BOOKMARK [2][-]{subsection.1.42}{inst\137cod\137dpto}{section.1}% 43
\BOOKMARK [2][-]{subsection.1.43}{estu\137financiacion\137matricula}{section.1}% 44
\BOOKMARK [2][-]{subsection.1.44}{econ\137electrodomesticos}{section.1}% 45
\BOOKMARK [2][-]{subsection.1.45}{estu\137hogar\137actual}{section.1}% 46
\BOOKMARK [2][-]{subsection.1.46}{fami\137educa\137padres}{section.1}% 47
\BOOKMARK [2][-]{subsection.1.47}{inst\137mpio\137programa}{section.1}% 48
\BOOKMARK [2][-]{subsection.1.48}{inst\137dpto\137programa}{section.1}% 49
\BOOKMARK [2][-]{subsection.1.49}{inst\137programa\137zona}{section.1}% 50
\BOOKMARK [2][-]{subsection.1.50}{fami\137ocup\137madre}{section.1}% 51
\BOOKMARK [2][-]{subsection.1.51}{fami\137ocup\137padre}{section.1}% 52
\BOOKMARK [1][-]{section.2}{Resumen de datos nulos.}{}% 53
